<?xml version="1.0" encoding="UTF-8"?>
<!-- Generated by org.testng.reporters.JUnitReportReporter -->
<testsuite hostname="Natali" failures="0" tests="1" name="org.nat.demoqa.tests.bookStore.LoginPageTests" time="14.421" errors="0" timestamp="2025-07-24T20:38:50 CEST" skipped="0">
  <testcase classname="org.nat.demoqa.tests.bookStore.LoginPageTests" name="loginPositiveTest" time="14.421"/>
</testsuite> <!-- org.nat.demoqa.tests.bookStore.LoginPageTests -->
